Arguments: 
  D:\Arquivos\Nodejs\node.exe C:\Program Files (x86)\Yarn\bin\yarn.js add -D Typescript

PATH: 
  C:\Python27\;C:\Python27\Scripts;C:\Program Files (x86)\Common Files\Oracle\Java\javapath;C:\Windows\system32;C:\Windows;C:\Windows\System32\Wbem;C:\Windows\System32\WindowsPowerShell\v1.0\;C:\Windows\System32\OpenSSH\;C:\Program Files (x86)\NVIDIA Corporation\PhysX\Common;C:\Program Files\NVIDIA Corporation\NVIDIA NvDLISR;C:\ProgramData\chocolatey\bin;D:\Arquivos\Nodejs\;C:\Program Files\Java\jdk1.8.0_211\bin;C:\Users\easmv\AppData\Local\Android\Sdk\platform-tools;C:\Program Files\Git\cmd;C:\WINDOWS\system32;C:\WINDOWS;C:\WINDOWS\System32\Wbem;C:\WINDOWS\System32\WindowsPowerShell\v1.0\;C:\WINDOWS\System32\OpenSSH\;C:\Program Files\Docker\Docker\resources\bin;C:\ProgramData\DockerDesktop\version-bin;C:\Program Files (x86)\Yarn\bin\;C:\Users\easmv\AppData\Local\Programs\Python\Python39\Scripts\;C:\Users\easmv\AppData\Local\Programs\Python\Python39\;C:\Users\easmv\AppData\Local\Microsoft\WindowsApps;C:\Users\easmv\AppData\Local\Programs\Microsoft VS Code\bin;C:\Program Files\JetBrains\IntelliJ IDEA Community Edition 2019.3.3\bin;;C:\Program Files\heroku\bin;C:\Users\easmv\AppData\Local\hyper\app-3.0.2\resources\bin;C:\Users\easmv\AppData\Roaming\npm;C:\Program Files (x86)\GitHub CLI\;C:\ProgramData\chocolatey\lib\mingw\tools\install\mingw64\bin;C:\Users\easmv\AppData\Local\Yarn\bin;C:\tools\dart-sdk\bin;C:\Users\easmv\AppData\Roaming\Pub\Cache\bin;C:\Users\easmv\AppData\Local\GitHubDesktop\bin

Yarn version: 
  1.22.4

Node version: 
  14.6.0

Platform: 
  win32 x64

Trace: 
  Error: https://registry.yarnpkg.com/Typescript: Not found
      at Request.params.callback [as _callback] (C:\Program Files (x86)\Yarn\lib\cli.js:66096:18)
      at Request.self.callback (C:\Program Files (x86)\Yarn\lib\cli.js:140748:22)
      at Request.emit (events.js:314:20)
      at Request.<anonymous> (C:\Program Files (x86)\Yarn\lib\cli.js:141720:10)
      at Request.emit (events.js:314:20)
      at IncomingMessage.<anonymous> (C:\Program Files (x86)\Yarn\lib\cli.js:141642:12)
      at Object.onceWrapper (events.js:420:28)
      at IncomingMessage.emit (events.js:326:22)
      at endReadableNT (_stream_readable.js:1244:12)
      at processTicksAndRejections (internal/process/task_queues.js:80:21)

npm manifest: 
  {
    "name": "TypeScript-Aprendizado",
    "version": "1.0.0",
    "main": "index.js",
    "license": "MIT"
  }

yarn manifest: 
  No manifest

Lockfile: 
  No lockfile
